<?xml version="1.0" encoding="UTF-8"?>
<testsuite name="com.github.magiccheese1.damageindicator.util.TextUtilityTest" tests="5" skipped="0" failures="0" errors="0" timestamp="2021-10-17T19:10:24" hostname="DESKTOP-08O0PUL" time="0.024">
  <properties/>
  <testcase name="testBasic" classname="com.github.magiccheese1.damageindicator.util.TextUtilityTest" time="0.003"/>
  <testcase name="testRealConfigValue" classname="com.github.magiccheese1.damageindicator.util.TextUtilityTest" time="0.0"/>
  <testcase name="testIgnored" classname="com.github.magiccheese1.damageindicator.util.TextUtilityTest" time="0.0"/>
  <testcase name="testMultiple" classname="com.github.magiccheese1.damageindicator.util.TextUtilityTest" time="0.0"/>
  <testcase name="testInDecimalFormat" classname="com.github.magiccheese1.damageindicator.util.TextUtilityTest" time="0.02"/>
  <system-out><![CDATA[]]></system-out>
  <system-err><![CDATA[]]></system-err>
</testsuite>
